E, [2010-11-11T23:40:08.342230 #10817] ERROR -- : /home/gregolsen/projects/web-bundler/lib/web_resource_bundler.rb:46:in `process'
spec/web_resource_bundler/web_resource_bundler_spec.rb:11:in `block (3 levels) in <module:WebResourceBundler>'
/usr/local/lib/ruby/gems/1.9.1/gems/rspec-1.3.1/lib/spec/example/example_methods.rb:40:in `instance_eval'
/usr/local/lib/ruby/gems/1.9.1/gems/rspec-1.3.1/lib/spec/example/example_methods.rb:40:in `block in execute'
/usr/local/lib/ruby/1.9.1/timeout.rb:44:in `timeout'
/usr/local/lib/ruby/gems/1.9.1/gems/rspec-1.3.1/lib/spec/example/example_methods.rb:37:in `execute'
/usr/local/lib/ruby/gems/1.9.1/gems/rspec-1.3.1/lib/spec/example/example_group_methods.rb:219:in `block in run_examples'
/usr/local/lib/ruby/gems/1.9.1/gems/rspec-1.3.1/lib/spec/example/example_group_methods.rb:217:in `each'
/usr/local/lib/ruby/gems/1.9.1/gems/rspec-1.3.1/lib/spec/example/example_group_methods.rb:217:in `run_examples'
/usr/local/lib/ruby/gems/1.9.1/gems/rspec-1.3.1/lib/spec/example/example_group_methods.rb:103:in `run'
/usr/local/lib/ruby/gems/1.9.1/gems/rspec-1.3.1/lib/spec/runner/example_group_runner.rb:23:in `block in run'
/usr/local/lib/ruby/gems/1.9.1/gems/rspec-1.3.1/lib/spec/runner/example_group_runner.rb:22:in `each'
/usr/local/lib/ruby/gems/1.9.1/gems/rspec-1.3.1/lib/spec/runner/example_group_runner.rb:22:in `run'
/usr/local/lib/ruby/gems/1.9.1/gems/rspec-1.3.1/lib/spec/runner/options.rb:153:in `run_examples'
/usr/local/lib/ruby/gems/1.9.1/gems/rspec-1.3.1/lib/spec/runner/command_line.rb:9:in `run'
/usr/local/lib/ruby/gems/1.9.1/gems/rspec-1.3.1/bin/spec:5:in `<top (required)>'
/usr/local/bin/spec:19:in `load'
/usr/local/bin/spec:19:in `<main>'undefined local variable or method `filters' for #<WebResourceBundler::Bundler:0xa37d700>
E, [2010-11-11T23:40:08.343852 #10817] ERROR -- : /home/gregolsen/projects/web-bundler/lib/web_resource_bundler.rb:46:in `process'
spec/web_resource_bundler/web_resource_bundler_spec.rb:21:in `block (3 levels) in <module:WebResourceBundler>'
/usr/local/lib/ruby/gems/1.9.1/gems/rspec-1.3.1/lib/spec/example/example_methods.rb:40:in `instance_eval'
/usr/local/lib/ruby/gems/1.9.1/gems/rspec-1.3.1/lib/spec/example/example_methods.rb:40:in `block in execute'
/usr/local/lib/ruby/1.9.1/timeout.rb:44:in `timeout'
/usr/local/lib/ruby/gems/1.9.1/gems/rspec-1.3.1/lib/spec/example/example_methods.rb:37:in `execute'
/usr/local/lib/ruby/gems/1.9.1/gems/rspec-1.3.1/lib/spec/example/example_group_methods.rb:219:in `block in run_examples'
/usr/local/lib/ruby/gems/1.9.1/gems/rspec-1.3.1/lib/spec/example/example_group_methods.rb:217:in `each'
/usr/local/lib/ruby/gems/1.9.1/gems/rspec-1.3.1/lib/spec/example/example_group_methods.rb:217:in `run_examples'
/usr/local/lib/ruby/gems/1.9.1/gems/rspec-1.3.1/lib/spec/example/example_group_methods.rb:103:in `run'
/usr/local/lib/ruby/gems/1.9.1/gems/rspec-1.3.1/lib/spec/runner/example_group_runner.rb:23:in `block in run'
/usr/local/lib/ruby/gems/1.9.1/gems/rspec-1.3.1/lib/spec/runner/example_group_runner.rb:22:in `each'
/usr/local/lib/ruby/gems/1.9.1/gems/rspec-1.3.1/lib/spec/runner/example_group_runner.rb:22:in `run'
/usr/local/lib/ruby/gems/1.9.1/gems/rspec-1.3.1/lib/spec/runner/options.rb:153:in `run_examples'
/usr/local/lib/ruby/gems/1.9.1/gems/rspec-1.3.1/lib/spec/runner/command_line.rb:9:in `run'
/usr/local/lib/ruby/gems/1.9.1/gems/rspec-1.3.1/bin/spec:5:in `<top (required)>'
/usr/local/bin/spec:19:in `load'
/usr/local/bin/spec:19:in `<main>'undefined local variable or method `filters' for #<WebResourceBundler::Bundler:0xa371284>
